#
# There is insufficient memory for the Java Runtime Environment to continue.
# Native memory allocation (malloc) failed to allocate 284176 bytes for Chunk::new
# Possible reasons:
#   The system is out of physical RAM or swap space
#   In 32 bit mode, the process size limit was hit
# Possible solutions:
#   Reduce memory load on the system
#   Increase physical memory or swap space
#   Check if swap backing store is full
#   Use 64 bit Java on a 64 bit OS
#   Decrease Java heap size (-Xmx/-Xms)
#   Decrease number of Java threads
#   Decrease Java thread stack sizes (-Xss)
#   Set larger code cache with -XX:ReservedCodeCacheSize=
# This output file may be truncated or incomplete.
#
#  Out of Memory Error (allocation.cpp:390), pid=16272, tid=0x0000000000001efc
#
# JRE version: Java(TM) SE Runtime Environment (8.0_121-b13) (build 1.8.0_121-b13)
# Java VM: Java HotSpot(TM) 64-Bit Server VM (25.121-b13 mixed mode windows-amd64 compressed oops)
# Failed to write core dump. Minidumps are not enabled by default on client versions of Windows
#

---------------  T H R E A D  ---------------

Current thread (0x0000000017a39800):  JavaThread "C2 CompilerThread0" daemon [_thread_in_native, id=7932, stack(0x00000000190b0000,0x00000000191b0000)]

Stack: [0x00000000190b0000,0x00000000191b0000]
[error occurred during error reporting (printing stack bounds), id 0xc0000005]

Native frames: (J=compiled Java code, j=interpreted, Vv=VM code, C=native code)


Current CompileTask:
C2:   1734 1114       4       sun.misc.ProxyGenerator$ConstantPool::getUtf8 (18 bytes)


---------------  P R O C E S S  ---------------

Java Threads: ( => current thread )
  0x00000000192be800 JavaThread "Service Thread" daemon [_thread_blocked, id=12496, stack(0x00000000197b0000,0x00000000198b0000)]
  0x00000000192b8800 JavaThread "C1 CompilerThread2" daemon [_thread_in_native, id=9696, stack(0x00000000196b0000,0x00000000197b0000)]
  0x0000000017a9c800 JavaThread "C2 CompilerThread1" daemon [_thread_blocked, id=18104, stack(0x00000000191b0000,0x00000000192b0000)]
=>0x0000000017a39800 JavaThread "C2 CompilerThread0" daemon [_thread_in_native, id=7932, stack(0x00000000190b0000,0x00000000191b0000)]
  0x0000000017a48000 JavaThread "Attach Listener" daemon [_thread_blocked, id=13856, stack(0x0000000018fb0000,0x00000000190b0000)]
  0x0000000017a46800 JavaThread "Signal Dispatcher" daemon [_thread_blocked, id=15636, stack(0x0000000018eb0000,0x0000000018fb0000)]
  0x0000000017a2a800 JavaThread "Finalizer" daemon [_thread_blocked, id=19972, stack(0x0000000018c90000,0x0000000018d90000)]
  0x0000000017a09000 JavaThread "Reference Handler" daemon [_thread_blocked, id=16036, stack(0x0000000018b90000,0x0000000018c90000)]
  0x0000000002e6e800 JavaThread "main" [_thread_in_Java, id=10100, stack(0x0000000002d60000,0x0000000002e60000)]

Other Threads:
  0x0000000017a08000 VMThread [stack: 0x0000000018a90000,0x0000000018b90000] [id=12272]
  0x00000000192c3000 WatcherThread [stack: 0x00000000198b0000,0x00000000199b0000] [id=8832]

VM state:not at safepoint (normal execution)

VM Mutex/Monitor currently owned by a thread:  ([mutex/lock_event])
[0x0000000002e6cd70] CodeCache_lock - owner thread: 0x0000000000000000
[0x0000000002e6d240] SystemDictionary_lock - owner thread: 0x0000000000000000

Heap:
 PSYoungGen      total 37888K, used 34572K [0x00000000d6380000, 0x00000000d8d80000, 0x0000000100000000)
  eden space 32768K, 89% used [0x00000000d6380000,0x00000000d8047b80,0x00000000d8380000)
  from space 5120K, 99% used [0x00000000d8380000,0x00000000d887b7e0,0x00000000d8880000)
  to   space 5120K, 0% used [0x00000000d8880000,0x00000000d8880000,0x00000000d8d80000)
 ParOldGen       total 86016K, used 138K [0x0000000082a00000, 0x0000000087e00000, 0x00000000d6380000)
  object space 86016K, 0% used [0x0000000082a00000,0x0000000082a22bc8,0x0000000087e00000)
 Metaspace       used 12076K, capacity 12346K, committed 12672K, reserved 1060864K
  class space    used 1540K, capacity 1641K, committed 1664K, reserved 1048576K

Card table byte_map: [0x0000000012370000,0x0000000012760000] byte_map_base: 0x0000000011f5b000

Marking Bits: (ParMarkBitMap*) 0x0000000071f5b6d0
 Begin Bits: [0x0000000012e00000, 0x0000000014d58000)
 End Bits:   [0x0000000014d58000, 0x0000000016cb0000)

Polling page: 0x0000000001030000

CodeCache: size=245760Kb used=4255Kb max_used=4255Kb free=241504Kb
 bounds [0x0000000002fb0000, 0x00000000033e0000, 0x0000000011fb0000]
 total_blobs=1503 nmethods=1195 adapters=220
 compilation: enabled

Compilation events (10 events):
Event: 1.687 Thread 0x00000000192b8800 1133       3       java.util.concurrent.locks.ReentrantLock::tryLock (9 bytes)
Event: 1.687 Thread 0x00000000192b8800 nmethod 1133 0x00000000033ad610 code [0x00000000033ad780, 0x00000000033ad9a8]
Event: 1.687 Thread 0x00000000192b8800 1134       3       java.util.HashSet::size (8 bytes)
Event: 1.688 Thread 0x00000000192b8800 nmethod 1134 0x00000000033ada50 code [0x00000000033adba0, 0x00000000033add90]
Event: 1.688 Thread 0x00000000192b8800 1135       3       java.util.concurrent.atomic.AtomicReferenceArray::set (17 bytes)
Event: 1.688 Thread 0x00000000192b8800 nmethod 1135 0x00000000033ade50 code [0x00000000033adfc0, 0x00000000033ae188]
Event: 1.688 Thread 0x00000000192b8800 1136       3       java.util.LinkedHashMap$LinkedKeyIterator::next (8 bytes)
Event: 1.689 Thread 0x00000000192b8800 nmethod 1136 0x00000000033ae250 code [0x00000000033ae3c0, 0x00000000033ae668]
Event: 1.690 Thread 0x00000000192b8800 1137   !   3       java.util.ArrayList$Itr::remove (68 bytes)
Event: 1.691 Thread 0x00000000192b8800 nmethod 1137 0x00000000033ae710 code [0x00000000033ae8c0, 0x00000000033aedb8]

GC Heap History (2 events):
Event: 1.151 GC heap before
{Heap before GC invocations=1 (full 0):
 PSYoungGen      total 37888K, used 32768K [0x00000000d6380000, 0x00000000d8d80000, 0x0000000100000000)
  eden space 32768K, 100% used [0x00000000d6380000,0x00000000d8380000,0x00000000d8380000)
  from space 5120K, 0% used [0x00000000d8880000,0x00000000d8880000,0x00000000d8d80000)
  to   space 5120K, 0% used [0x00000000d8380000,0x00000000d8380000,0x00000000d8880000)
 ParOldGen       total 86016K, used 0K [0x0000000082a00000, 0x0000000087e00000, 0x00000000d6380000)
  object space 86016K, 0% used [0x0000000082a00000,0x0000000082a00000,0x0000000087e00000)
 Metaspace       used 8174K, capacity 8424K, committed 8576K, reserved 1056768K
  class space    used 1024K, capacity 1084K, committed 1152K, reserved 1048576K
Event: 1.157 GC heap after
Heap after GC invocations=1 (full 0):
 PSYoungGen      total 37888K, used 5101K [0x00000000d6380000, 0x00000000d8d80000, 0x0000000100000000)
  eden space 32768K, 0% used [0x00000000d6380000,0x00000000d6380000,0x00000000d8380000)
  from space 5120K, 99% used [0x00000000d8380000,0x00000000d887b7e0,0x00000000d8880000)
  to   space 5120K, 0% used [0x00000000d8880000,0x00000000d8880000,0x00000000d8d80000)
 ParOldGen       total 86016K, used 138K [0x0000000082a00000, 0x0000000087e00000, 0x00000000d6380000)
  object space 86016K, 0% used [0x0000000082a00000,0x0000000082a22bc8,0x0000000087e00000)
 Metaspace       used 8174K, capacity 8424K, committed 8576K, reserved 1056768K
  class space    used 1024K, capacity 1084K, committed 1152K, reserved 1048576K
}

Deoptimization events (6 events):
Event: 0.832 Thread 0x0000000002e6e800 Uncommon trap: reason=range_check action=make_not_entrant pc=0x00000000031d66a0 method=sun.reflect.generics.parser.SignatureParser.current()C @ 34
Event: 0.840 Thread 0x0000000002e6e800 Uncommon trap: reason=unstable_if action=reinterpret pc=0x000000000314c324 method=org.codehaus.plexus.util.xml.pull.MXParser.more()C @ 8
Event: 1.032 Thread 0x0000000002e6e800 Uncommon trap: reason=unstable_if action=reinterpret pc=0x000000000323a224 method=org.codehaus.plexus.util.xml.pull.MXParser.nextImpl()I @ 241
Event: 1.053 Thread 0x0000000002e6e800 Uncommon trap: reason=unstable_if action=reinterpret pc=0x000000000322ae28 method=org.codehaus.plexus.util.xml.pull.MXParser.isWhitespace()Z @ 20
Event: 1.197 Thread 0x0000000002e6e800 Uncommon trap: reason=unstable_if action=reinterpret pc=0x00000000031d993c method=java.util.HashMap.getNode(ILjava/lang/Object;)Ljava/util/HashMap$Node; @ 129
Event: 1.209 Thread 0x0000000002e6e800 Uncommon trap: reason=unstable_if action=reinterpret pc=0x0000000003245208 method=java.util.HashMap.getNode(ILjava/lang/Object;)Ljava/util/HashMap$Node; @ 129

Internal exceptions (10 events):
Event: 0.831 Thread 0x0000000002e6e800 Exception <a 'java/lang/ArrayIndexOutOfBoundsException'> (0x00000000d73d6670) thrown at [C:\re\workspace\8-2-build-windows-amd64-cygwin\jdk8u121\8372\hotspot\src\share\vm\runtime\sharedRuntime.cpp, line 605]
Event: 0.831 Thread 0x0000000002e6e800 Exception <a 'java/lang/ArrayIndexOutOfBoundsException'> (0x00000000d73d7db0) thrown at [C:\re\workspace\8-2-build-windows-amd64-cygwin\jdk8u121\8372\hotspot\src\share\vm\runtime\sharedRuntime.cpp, line 605]
Event: 0.831 Thread 0x0000000002e6e800 Exception <a 'java/lang/ArrayIndexOutOfBoundsException'> (0x00000000d73d95f0) thrown at [C:\re\workspace\8-2-build-windows-amd64-cygwin\jdk8u121\8372\hotspot\src\share\vm\runtime\sharedRuntime.cpp, line 605]
Event: 0.831 Thread 0x0000000002e6e800 Exception <a 'java/lang/ArrayIndexOutOfBoundsException'> (0x00000000d73da390) thrown at [C:\re\workspace\8-2-build-windows-amd64-cygwin\jdk8u121\8372\hotspot\src\share\vm\runtime\sharedRuntime.cpp, line 605]
Event: 0.831 Thread 0x0000000002e6e800 Exception <a 'java/lang/ArrayIndexOutOfBoundsException'> (0x00000000d73dbe30) thrown at [C:\re\workspace\8-2-build-windows-amd64-cygwin\jdk8u121\8372\hotspot\src\share\vm\runtime\sharedRuntime.cpp, line 605]
Event: 0.831 Thread 0x0000000002e6e800 Exception <a 'java/lang/ArrayIndexOutOfBoundsException'> (0x00000000d73dd740) thrown at [C:\re\workspace\8-2-build-windows-amd64-cygwin\jdk8u121\8372\hotspot\src\share\vm\runtime\sharedRuntime.cpp, line 605]
Event: 0.832 Thread 0x0000000002e6e800 Exception <a 'java/lang/ArrayIndexOutOfBoundsException'> (0x00000000d73df418) thrown at [C:\re\workspace\8-2-build-windows-amd64-cygwin\jdk8u121\8372\hotspot\src\share\vm\runtime\sharedRuntime.cpp, line 605]
Event: 0.832 Thread 0x0000000002e6e800 Exception <a 'java/lang/ArrayIndexOutOfBoundsException': 23> (0x00000000d73e0a80) thrown at [C:\re\workspace\8-2-build-windows-amd64-cygwin\jdk8u121\8372\hotspot\src\share\vm\interpreter\interpreterRuntime.cpp, line 366]
Event: 0.832 Thread 0x0000000002e6e800 Exception <a 'java/lang/ArrayIndexOutOfBoundsException': 29> (0x00000000d73e18f0) thrown at [C:\re\workspace\8-2-build-windows-amd64-cygwin\jdk8u121\8372\hotspot\src\share\vm\interpreter\interpreterRuntime.cpp, line 366]
Event: 0.832 Thread 0x0000000002e6e800 Exception <a 'java/lang/ArrayIndexOutOfBoundsException': 112> (0x00000000d73e3118) thrown at [C:\re\workspace\8-2-build-windows-amd64-cygwin\jdk8u121\8372\hotspot\src\share\vm\interpreter\interpreterRuntime.cpp, line 366]

Events (10 events):
Event: 1.673 loading class com/google/inject/OutOfScopeException
Event: 1.673 loading class com/google/inject/OutOfScopeException done
Event: 1.673 loading class org/apache/maven/execution/scope/internal/MojoExecutionScope$2
Event: 1.673 loading class org/apache/maven/execution/scope/internal/MojoExecutionScope$2 done
Event: 1.680 loading class com/google/inject/internal/AbstractBindingProcessor$Processor$1
Event: 1.680 loading class com/google/inject/internal/AbstractBindingProcessor$Processor$1 done
Event: 1.689 loading class com/google/inject/internal/UntargettedBindingProcessor
Event: 1.689 loading class com/google/inject/internal/UntargettedBindingProcessor done
Event: 1.689 loading class com/google/inject/internal/UntargettedBindingProcessor$1
Event: 1.689 loading class com/google/inject/internal/UntargettedBindingProcessor$1 done


Dynamic libraries:
0x00007ff726aa0000 - 0x00007ff726ad7000 	C:\Program Files\Java\jdk1.8.0_121\bin\javaw.exe
0x00007ff89e410000 - 0x00007ff89e5f1000 	C:\WINDOWS\SYSTEM32\ntdll.dll
0x00007ff89d4b0000 - 0x00007ff89d562000 	C:\WINDOWS\System32\KERNEL32.DLL
0x00007ff89b390000 - 0x00007ff89b603000 	C:\WINDOWS\System32\KERNELBASE.dll
0x00007ff89bf00000 - 0x00007ff89bfa1000 	C:\WINDOWS\System32\ADVAPI32.dll
0x00007ff89db20000 - 0x00007ff89dbbe000 	C:\WINDOWS\System32\msvcrt.dll
0x00007ff89e380000 - 0x00007ff89e3db000 	C:\WINDOWS\System32\sechost.dll
0x00007ff89e250000 - 0x00007ff89e374000 	C:\WINDOWS\System32\RPCRT4.dll
0x00007ff89d5d0000 - 0x00007ff89d760000 	C:\WINDOWS\System32\USER32.dll
0x00007ff89b070000 - 0x00007ff89b090000 	C:\WINDOWS\System32\win32u.dll
0x00007ff89bd70000 - 0x00007ff89bd98000 	C:\WINDOWS\System32\GDI32.dll
0x00007ff89b140000 - 0x00007ff89b2d2000 	C:\WINDOWS\System32\gdi32full.dll
0x00007ff89b610000 - 0x00007ff89b6af000 	C:\WINDOWS\System32\msvcp_win.dll
0x00007ff89af70000 - 0x00007ff89b06a000 	C:\WINDOWS\System32\ucrtbase.dll
0x00007ff892780000 - 0x00007ff8929e9000 	C:\WINDOWS\WinSxS\amd64_microsoft.windows.common-controls_6595b64144ccf1df_6.0.17134.165_none_fb429645306569ac\COMCTL32.dll
0x00007ff89ba40000 - 0x00007ff89bd63000 	C:\WINDOWS\System32\combase.dll
0x00007ff89aef0000 - 0x00007ff89af6a000 	C:\WINDOWS\System32\bcryptPrimitives.dll
0x00007ff89e220000 - 0x00007ff89e24d000 	C:\WINDOWS\System32\IMM32.DLL
0x0000000072d10000 - 0x0000000072de2000 	C:\Program Files\Java\jdk1.8.0_121\jre\bin\msvcr100.dll
0x0000000071740000 - 0x0000000071fdb000 	C:\Program Files\Java\jdk1.8.0_121\jre\bin\server\jvm.dll
0x00007ff89e210000 - 0x00007ff89e218000 	C:\WINDOWS\System32\PSAPI.DLL
0x00007ff8772f0000 - 0x00007ff8772f9000 	C:\WINDOWS\SYSTEM32\WSOCK32.dll
0x00007ff89d9c0000 - 0x00007ff89da2c000 	C:\WINDOWS\System32\WS2_32.dll
0x00007ff8985a0000 - 0x00007ff8985c3000 	C:\WINDOWS\SYSTEM32\WINMM.dll
0x00007ff88e050000 - 0x00007ff88e05a000 	C:\WINDOWS\SYSTEM32\VERSION.dll
0x00007ff897fd0000 - 0x00007ff897ffa000 	C:\WINDOWS\SYSTEM32\WINMMBASE.dll
0x00007ff89b0f0000 - 0x00007ff89b139000 	C:\WINDOWS\System32\cfgmgr32.dll
0x0000000072d00000 - 0x0000000072d0f000 	C:\Program Files\Java\jdk1.8.0_121\jre\bin\verify.dll
0x00000000723f0000 - 0x0000000072419000 	C:\Program Files\Java\jdk1.8.0_121\jre\bin\java.dll
0x00000000723d0000 - 0x00000000723e6000 	C:\Program Files\Java\jdk1.8.0_121\jre\bin\zip.dll
0x00007ff89c050000 - 0x00007ff89d490000 	C:\WINDOWS\System32\SHELL32.dll
0x00007ff89dbd0000 - 0x00007ff89dc79000 	C:\WINDOWS\System32\shcore.dll
0x00007ff89a7e0000 - 0x00007ff89aeed000 	C:\WINDOWS\System32\windows.storage.dll
0x00007ff89d570000 - 0x00007ff89d5c1000 	C:\WINDOWS\System32\shlwapi.dll
0x00007ff89a770000 - 0x00007ff89a781000 	C:\WINDOWS\System32\kernel.appcore.dll
0x00007ff89a7c0000 - 0x00007ff89a7df000 	C:\WINDOWS\System32\profapi.dll
0x00007ff89a720000 - 0x00007ff89a76c000 	C:\WINDOWS\System32\powrprof.dll
0x00007ff89a7b0000 - 0x00007ff89a7ba000 	C:\WINDOWS\System32\FLTLIB.DLL

VM Arguments:
jvm_args: -Dmaven.home=C:\apache-maven-3.3.9 -Dclassworlds.conf=C:\WorkspaceExtremeMedia\.metadata\.plugins\org.eclipse.m2e.launching\launches\m2conf4682852748821676182.tmp -Dmaven.multiModuleProjectDirectory=C:\WorkspaceExtremeMedia\extreme-media-facturacion-principal -Dfile.encoding=Cp1252 
java_command: org.codehaus.plexus.classworlds.launcher.Launcher -B -gs C:\Users\Usuario\.m2\settings.xml -s C:\Users\Usuario\.m2\settings.xml install
java_class_path (initial): C:\apache-maven-3.3.9\boot\plexus-classworlds-2.5.2.jar
Launcher Type: SUN_STANDARD

Environment Variables:
JAVA_HOME=C:\Program Files\Java\jdk1.8.0_121
PATH=C:/Program Files/Java/jre1.8.0_181/bin/server;C:/Program Files/Java/jre1.8.0_181/bin;C:/Program Files/Java/jre1.8.0_181/lib/amd64;C:\Program Files (x86)\Common Files\Oracle\Java\javapath;C:\ProgramData\Oracle\Java\javapath;C:\WINDOWS\system32;C:\WINDOWS;C:\WINDOWS\System32\Wbem;C:\WINDOWS\System32\WindowsPowerShell\v1.0\;C:\Program Files\ThinkPad\Bluetooth Software\;C:\Program Files\ThinkPad\Bluetooth Software\syswow64;C:\ProgramData\Lenovo\ReadyApps;C:\Program Files\Java\jdk1.8.0_121\bin;C:\Program Files\Microsoft SQL Server\120\DTS\Binn\;C:\Program Files\Microsoft SQL Server\Client SDK\ODBC\110\Tools\Binn\;C:\Program Files (x86)\Microsoft SQL Server\120\Tools\Binn\;C:\Program Files\Microsoft SQL Server\120\Tools\Binn\;C:\Program Files (x86)\Microsoft SQL Server\120\Tools\Binn\ManagementStudio\;C:\Program Files (x86)\Microsoft SQL Server\120\DTS\Binn\;C:\xampp\php;C:\ProgramData\ComposerSetup\bin;C:\Program Files (x86)\Skype\Phone\;C:\WINDOWS\system32\config\systemprofile\.dnx\bin;C:\Program Files\Microsoft DNX\Dnvm\;C:\Program Files\Microsoft SQL Server\130\Tools\Binn\;C:\Program Files\Git\cmd;C:\Program Files (x86)\nodejs\;C:\Program Files\dotnet\;C:\WINDOWS\System32\OpenSSH\;C:\PostgreSQL\pg95\bin;C:\Program Files (x86)\Brackets\command;C:\Users\Usuario\AppData\Local\Microsoft\WindowsApps;C:\Users\Usuario\AppData\Roaming\Composer\vendor\bin;C:\Users\Usuario\AppData\Local\Programs\Python\Python36;C:\Users\Usuario\AppData\Local\Programs\Python\Python36\Scripts;C:\Users\Usuario\AppData\Roaming\npm;;C:\Users\Usuario\Desktop;
USERNAME=Usuario
OS=Windows_NT
PROCESSOR_IDENTIFIER=Intel64 Family 6 Model 58 Stepping 9, GenuineIntel



---------------  S Y S T E M  ---------------

OS: Windows 10.0 , 64 bit Build 17134 (10.0.17134.1)

CPU:total 4 (2 cores per cpu, 2 threads per core) family 6 model 58 stepping 9, cmov, cx8, fxsr, mmx, sse, sse2, sse3, ssse3, sse4.1, sse4.2, popcnt, avx, aes, clmul, erms, ht, tsc, tscinvbit, tscinv

Memory: 4k page, physical 8212284k(2286244k free), swap 33378108k(5136k free)

vm_info: Java HotSpot(TM) 64-Bit Server VM (25.121-b13) for windows-amd64 JRE (1.8.0_121-b13), built on Dec 12 2016 18:21:36 by "java_re" with MS VC++ 10.0 (VS2010)

time: Thu Jul 26 21:19:45 2018
elapsed time: 1 seconds (0d 0h 0m 1s)

