#
# There is insufficient memory for the Java Runtime Environment to continue.
# Native memory allocation (malloc) failed to allocate 1071856 bytes for Chunk::new
# Possible reasons:
#   The system is out of physical RAM or swap space
#   In 32 bit mode, the process size limit was hit
# Possible solutions:
#   Reduce memory load on the system
#   Increase physical memory or swap space
#   Check if swap backing store is full
#   Use 64 bit Java on a 64 bit OS
#   Decrease Java heap size (-Xmx/-Xms)
#   Decrease number of Java threads
#   Decrease Java thread stack sizes (-Xss)
#   Set larger code cache with -XX:ReservedCodeCacheSize=
# This output file may be truncated or incomplete.
#
#  Out of Memory Error (allocation.cpp:390), pid=16304, tid=0x00000000000049ac
#
# JRE version: Java(TM) SE Runtime Environment (8.0_121-b13) (build 1.8.0_121-b13)
# Java VM: Java HotSpot(TM) 64-Bit Server VM (25.121-b13 mixed mode windows-amd64 compressed oops)
# Failed to write core dump. Minidumps are not enabled by default on client versions of Windows
#

---------------  T H R E A D  ---------------

Current thread (0x0000000017e90000):  JavaThread "C2 CompilerThread0" daemon [_thread_in_native, id=18860, stack(0x0000000019510000,0x0000000019610000)]

Stack: [0x0000000019510000,0x0000000019610000]
[error occurred during error reporting (printing stack bounds), id 0xc0000005]

Native frames: (J=compiled Java code, j=interpreted, Vv=VM code, C=native code)


Current CompileTask:
C2:   2956 1852       4       java.net.URLClassLoader$1::run (5 bytes)


---------------  P R O C E S S  ---------------

Java Threads: ( => current thread )
  0x0000000019717000 JavaThread "Service Thread" daemon [_thread_blocked, id=2768, stack(0x0000000019c10000,0x0000000019d10000)]
  0x0000000019710800 JavaThread "C1 CompilerThread2" daemon [_thread_blocked, id=10908, stack(0x0000000019b10000,0x0000000019c10000)]
  0x0000000017eeb800 JavaThread "C2 CompilerThread1" daemon [_thread_in_native, id=12228, stack(0x0000000019610000,0x0000000019710000)]
=>0x0000000017e90000 JavaThread "C2 CompilerThread0" daemon [_thread_in_native, id=18860, stack(0x0000000019510000,0x0000000019610000)]
  0x0000000017e8c800 JavaThread "Attach Listener" daemon [_thread_blocked, id=9016, stack(0x0000000019410000,0x0000000019510000)]
  0x0000000017e8b000 JavaThread "Signal Dispatcher" daemon [_thread_blocked, id=11880, stack(0x0000000019310000,0x0000000019410000)]
  0x0000000017e7a800 JavaThread "Finalizer" daemon [_thread_blocked, id=1412, stack(0x00000000190f0000,0x00000000191f0000)]
  0x00000000033f1000 JavaThread "Reference Handler" daemon [_thread_blocked, id=18896, stack(0x0000000018ff0000,0x00000000190f0000)]
  0x00000000032ce000 JavaThread "main" [_thread_in_Java, id=18372, stack(0x0000000003110000,0x0000000003210000)]

Other Threads:
  0x0000000017e57000 VMThread [stack: 0x0000000018ef0000,0x0000000018ff0000] [id=18336]
  0x000000001971b800 WatcherThread [stack: 0x0000000019d10000,0x0000000019e10000] [id=1668]

VM state:not at safepoint (normal execution)

VM Mutex/Monitor currently owned by a thread: None

Heap:
 PSYoungGen      total 37888K, used 32961K [0x00000000d6380000, 0x00000000dad80000, 0x0000000100000000)
  eden space 32768K, 85% used [0x00000000d6380000,0x00000000d7eb53b8,0x00000000d8380000)
  from space 5120K, 99% used [0x00000000d8880000,0x00000000d8d7b098,0x00000000d8d80000)
  to   space 5120K, 0% used [0x00000000d8380000,0x00000000d8380000,0x00000000d8880000)
 ParOldGen       total 86016K, used 2633K [0x0000000082a00000, 0x0000000087e00000, 0x00000000d6380000)
  object space 86016K, 3% used [0x0000000082a00000,0x0000000082c92418,0x0000000087e00000)
 Metaspace       used 15015K, capacity 15342K, committed 15616K, reserved 1062912K
  class space    used 1842K, capacity 1943K, committed 2048K, reserved 1048576K

Card table byte_map: [0x00000000127c0000,0x0000000012bb0000] byte_map_base: 0x00000000123ab000

Marking Bits: (ParMarkBitMap*) 0x0000000071f5b6d0
 Begin Bits: [0x0000000013250000, 0x00000000151a8000)
 End Bits:   [0x00000000151a8000, 0x0000000017100000)

Polling page: 0x0000000001330000

CodeCache: size=245760Kb used=6959Kb max_used=6981Kb free=238800Kb
 bounds [0x0000000003400000, 0x0000000003ae0000, 0x0000000012400000]
 total_blobs=2427 nmethods=2086 adapters=253
 compilation: enabled

Compilation events (10 events):
Event: 2.852 Thread 0x0000000019710800 1992       3       org.apache.maven.model.merge.MavenModelMerger::getDependencyKey (5 bytes)
Event: 2.852 Thread 0x0000000019710800 nmethod 1992 0x0000000003a81850 code [0x0000000003a819c0, 0x0000000003a81b68]
Event: 2.852 Thread 0x0000000019710800 1989   !   3       org.apache.maven.model.PluginConfiguration::clone (69 bytes)
Event: 2.853 Thread 0x0000000019710800 nmethod 1989 0x0000000003a94750 code [0x0000000003a94980, 0x0000000003a95698]
Event: 2.853 Thread 0x0000000019710800 1995       3       org.eclipse.aether.repository.RemoteRepository::hash (13 bytes)
Event: 2.853 Thread 0x0000000019710800 nmethod 1995 0x0000000003a81350 code [0x0000000003a814c0, 0x0000000003a81708]
Event: 2.853 Thread 0x0000000019710800 1990       1       org.apache.maven.model.PluginConfiguration::getPluginManagement (5 bytes)
Event: 2.853 Thread 0x0000000019710800 nmethod 1990 0x0000000003a80cd0 code [0x0000000003a80e20, 0x0000000003a80f30]
Event: 2.853 Thread 0x0000000019710800 1996       1       org.eclipse.aether.DefaultRepositorySystemSession::getConfigProperties (5 bytes)
Event: 2.853 Thread 0x0000000019710800 nmethod 1996 0x0000000003a87710 code [0x0000000003a87860, 0x0000000003a87970]

GC Heap History (4 events):
Event: 1.034 GC heap before
{Heap before GC invocations=1 (full 0):
 PSYoungGen      total 37888K, used 32768K [0x00000000d6380000, 0x00000000d8d80000, 0x0000000100000000)
  eden space 32768K, 100% used [0x00000000d6380000,0x00000000d8380000,0x00000000d8380000)
  from space 5120K, 0% used [0x00000000d8880000,0x00000000d8880000,0x00000000d8d80000)
  to   space 5120K, 0% used [0x00000000d8380000,0x00000000d8380000,0x00000000d8880000)
 ParOldGen       total 86016K, used 0K [0x0000000082a00000, 0x0000000087e00000, 0x00000000d6380000)
  object space 86016K, 0% used [0x0000000082a00000,0x0000000082a00000,0x0000000087e00000)
 Metaspace       used 8195K, capacity 8424K, committed 8576K, reserved 1056768K
  class space    used 1024K, capacity 1084K, committed 1152K, reserved 1048576K
Event: 1.045 GC heap after
Heap after GC invocations=1 (full 0):
 PSYoungGen      total 37888K, used 5088K [0x00000000d6380000, 0x00000000d8d80000, 0x0000000100000000)
  eden space 32768K, 0% used [0x00000000d6380000,0x00000000d6380000,0x00000000d8380000)
  from space 5120K, 99% used [0x00000000d8380000,0x00000000d8878060,0x00000000d8880000)
  to   space 5120K, 0% used [0x00000000d8880000,0x00000000d8880000,0x00000000d8d80000)
 ParOldGen       total 86016K, used 147K [0x0000000082a00000, 0x0000000087e00000, 0x00000000d6380000)
  object space 86016K, 0% used [0x0000000082a00000,0x0000000082a24f68,0x0000000087e00000)
 Metaspace       used 8195K, capacity 8424K, committed 8576K, reserved 1056768K
  class space    used 1024K, capacity 1084K, committed 1152K, reserved 1048576K
}
Event: 1.872 GC heap before
{Heap before GC invocations=2 (full 0):
 PSYoungGen      total 37888K, used 37856K [0x00000000d6380000, 0x00000000d8d80000, 0x0000000100000000)
  eden space 32768K, 100% used [0x00000000d6380000,0x00000000d8380000,0x00000000d8380000)
  from space 5120K, 99% used [0x00000000d8380000,0x00000000d8878060,0x00000000d8880000)
  to   space 5120K, 0% used [0x00000000d8880000,0x00000000d8880000,0x00000000d8d80000)
 ParOldGen       total 86016K, used 147K [0x0000000082a00000, 0x0000000087e00000, 0x00000000d6380000)
  object space 86016K, 0% used [0x0000000082a00000,0x0000000082a24f68,0x0000000087e00000)
 Metaspace       used 12770K, capacity 13004K, committed 13312K, reserved 1060864K
  class space    used 1624K, capacity 1708K, committed 1792K, reserved 1048576K
Event: 1.887 GC heap after
Heap after GC invocations=2 (full 0):
 PSYoungGen      total 37888K, used 5100K [0x00000000d6380000, 0x00000000dad80000, 0x0000000100000000)
  eden space 32768K, 0% used [0x00000000d6380000,0x00000000d6380000,0x00000000d8380000)
  from space 5120K, 99% used [0x00000000d8880000,0x00000000d8d7b098,0x00000000d8d80000)
  to   space 5120K, 0% used [0x00000000d8380000,0x00000000d8380000,0x00000000d8880000)
 ParOldGen       total 86016K, used 2633K [0x0000000082a00000, 0x0000000087e00000, 0x00000000d6380000)
  object space 86016K, 3% used [0x0000000082a00000,0x0000000082c92418,0x0000000087e00000)
 Metaspace       used 12770K, capacity 13004K, committed 13312K, reserved 1060864K
  class space    used 1624K, capacity 1708K, committed 1792K, reserved 1048576K
}

Deoptimization events (10 events):
Event: 2.337 Thread 0x00000000032ce000 Uncommon trap: reason=unstable_if action=reinterpret pc=0x00000000037a6020 method=java.util.HashMap.hash(Ljava/lang/Object;)I @ 1
Event: 2.337 Thread 0x00000000032ce000 Uncommon trap: reason=unstable_if action=reinterpret pc=0x00000000036cf3e8 method=java.util.HashMap.hash(Ljava/lang/Object;)I @ 1
Event: 2.348 Thread 0x00000000032ce000 Uncommon trap: reason=unstable_if action=reinterpret pc=0x00000000039ab414 method=org.codehaus.plexus.util.xml.pull.MXParser.nextImpl()I @ 310
Event: 2.484 Thread 0x00000000032ce000 Uncommon trap: reason=null_check action=make_not_entrant pc=0x00000000039cf7e8 method=org.apache.maven.model.io.xpp3.MavenXpp3Reader.checkFieldWithDuplicate(Lorg/codehaus/plexus/util/xml/pull/XmlPullParser;Ljava/lang/String;Ljava/lang/String;Ljava/util/Se
Event: 2.651 Thread 0x00000000032ce000 Uncommon trap: reason=unstable_if action=reinterpret pc=0x00000000039c4c10 method=org.codehaus.plexus.util.xml.pull.MXParser.nextImpl()I @ 972
Event: 2.666 Thread 0x00000000032ce000 Uncommon trap: reason=unstable_if action=reinterpret pc=0x000000000377de44 method=java.util.HashMap.getNode(ILjava/lang/Object;)Ljava/util/HashMap$Node; @ 53
Event: 2.740 Thread 0x00000000032ce000 Uncommon trap: reason=bimorphic action=maybe_recompile pc=0x0000000003969150 method=java.util.concurrent.ConcurrentHashMap.get(Ljava/lang/Object;)Ljava/lang/Object; @ 149
Event: 2.772 Thread 0x00000000032ce000 Uncommon trap: reason=bimorphic action=maybe_recompile pc=0x0000000003969150 method=java.util.concurrent.ConcurrentHashMap.get(Ljava/lang/Object;)Ljava/lang/Object; @ 149
Event: 2.788 Thread 0x00000000032ce000 Uncommon trap: reason=bimorphic action=maybe_recompile pc=0x0000000003969150 method=java.util.concurrent.ConcurrentHashMap.get(Ljava/lang/Object;)Ljava/lang/Object; @ 149
Event: 2.848 Thread 0x00000000032ce000 Uncommon trap: reason=bimorphic action=maybe_recompile pc=0x0000000003969150 method=java.util.concurrent.ConcurrentHashMap.get(Ljava/lang/Object;)Ljava/lang/Object; @ 149

Internal exceptions (10 events):
Event: 1.948 Thread 0x00000000032ce000 Implicit null exception at 0x00000000035c681b to 0x00000000035c69cd
Event: 2.033 Thread 0x00000000032ce000 Exception <a 'java/lang/NullPointerException'> (0x00000000d67bd738) thrown at [C:\re\workspace\8-2-build-windows-amd64-cygwin\jdk8u121\8372\hotspot\src\share\vm\interpreter\linkResolver.cpp, line 1178]
Event: 2.033 Thread 0x00000000032ce000 Exception <a 'java/lang/NullPointerException'> (0x00000000d67bd950) thrown at [C:\re\workspace\8-2-build-windows-amd64-cygwin\jdk8u121\8372\hotspot\src\share\vm\interpreter\linkResolver.cpp, line 1178]
Event: 2.033 Thread 0x00000000032ce000 Exception <a 'java/lang/NullPointerException'> (0x00000000d67bdb68) thrown at [C:\re\workspace\8-2-build-windows-amd64-cygwin\jdk8u121\8372\hotspot\src\share\vm\interpreter\linkResolver.cpp, line 1178]
Event: 2.035 Thread 0x00000000032ce000 Exception <a 'java/lang/NullPointerException'> (0x00000000d67cd5b0) thrown at [C:\re\workspace\8-2-build-windows-amd64-cygwin\jdk8u121\8372\hotspot\src\share\vm\interpreter\linkResolver.cpp, line 1178]
Event: 2.035 Thread 0x00000000032ce000 Exception <a 'java/lang/NullPointerException'> (0x00000000d67cd7c8) thrown at [C:\re\workspace\8-2-build-windows-amd64-cygwin\jdk8u121\8372\hotspot\src\share\vm\interpreter\linkResolver.cpp, line 1178]
Event: 2.035 Thread 0x00000000032ce000 Exception <a 'java/lang/NullPointerException'> (0x00000000d67cd9e0) thrown at [C:\re\workspace\8-2-build-windows-amd64-cygwin\jdk8u121\8372\hotspot\src\share\vm\interpreter\linkResolver.cpp, line 1178]
Event: 2.337 Thread 0x00000000032ce000 Implicit null exception at 0x00000000037a5e15 to 0x00000000037a6011
Event: 2.337 Thread 0x00000000032ce000 Implicit null exception at 0x00000000036cf36f to 0x00000000036cf3d9
Event: 2.484 Thread 0x00000000032ce000 Implicit null exception at 0x00000000039ce61d to 0x00000000039cf7cd

Events (10 events):
Event: 2.740 Thread 0x00000000032ce000 DEOPT UNPACKING pc=0x000000000344582a sp=0x000000000320d8c8 mode 2
Event: 2.772 Thread 0x00000000032ce000 Uncommon trap: trap_request=0xffffffc6 fr.pc=0x0000000003969150
Event: 2.772 Thread 0x00000000032ce000 DEOPT PACKING pc=0x0000000003969150 sp=0x000000000320d5e0
Event: 2.772 Thread 0x00000000032ce000 DEOPT UNPACKING pc=0x000000000344582a sp=0x000000000320d568 mode 2
Event: 2.788 Thread 0x00000000032ce000 Uncommon trap: trap_request=0xffffffc6 fr.pc=0x0000000003969150
Event: 2.788 Thread 0x00000000032ce000 DEOPT PACKING pc=0x0000000003969150 sp=0x000000000320d280
Event: 2.788 Thread 0x00000000032ce000 DEOPT UNPACKING pc=0x000000000344582a sp=0x000000000320d208 mode 2
Event: 2.848 Thread 0x00000000032ce000 Uncommon trap: trap_request=0xffffffc6 fr.pc=0x0000000003969150
Event: 2.848 Thread 0x00000000032ce000 DEOPT PACKING pc=0x0000000003969150 sp=0x000000000320d5e0
Event: 2.848 Thread 0x00000000032ce000 DEOPT UNPACKING pc=0x000000000344582a sp=0x000000000320d568 mode 2


Dynamic libraries:
0x00007ff726aa0000 - 0x00007ff726ad7000 	C:\Program Files\Java\jdk1.8.0_121\bin\javaw.exe
0x00007ff89e410000 - 0x00007ff89e5f1000 	C:\WINDOWS\SYSTEM32\ntdll.dll
0x00007ff89d4b0000 - 0x00007ff89d562000 	C:\WINDOWS\System32\KERNEL32.DLL
0x00007ff89b390000 - 0x00007ff89b603000 	C:\WINDOWS\System32\KERNELBASE.dll
0x00007ff89bf00000 - 0x00007ff89bfa1000 	C:\WINDOWS\System32\ADVAPI32.dll
0x00007ff89db20000 - 0x00007ff89dbbe000 	C:\WINDOWS\System32\msvcrt.dll
0x00007ff89e380000 - 0x00007ff89e3db000 	C:\WINDOWS\System32\sechost.dll
0x00007ff89e250000 - 0x00007ff89e374000 	C:\WINDOWS\System32\RPCRT4.dll
0x00007ff89d5d0000 - 0x00007ff89d760000 	C:\WINDOWS\System32\USER32.dll
0x00007ff89b070000 - 0x00007ff89b090000 	C:\WINDOWS\System32\win32u.dll
0x00007ff89bd70000 - 0x00007ff89bd98000 	C:\WINDOWS\System32\GDI32.dll
0x00007ff89b140000 - 0x00007ff89b2d2000 	C:\WINDOWS\System32\gdi32full.dll
0x00007ff89b610000 - 0x00007ff89b6af000 	C:\WINDOWS\System32\msvcp_win.dll
0x00007ff89af70000 - 0x00007ff89b06a000 	C:\WINDOWS\System32\ucrtbase.dll
0x00007ff892780000 - 0x00007ff8929e9000 	C:\WINDOWS\WinSxS\amd64_microsoft.windows.common-controls_6595b64144ccf1df_6.0.17134.165_none_fb429645306569ac\COMCTL32.dll
0x00007ff89ba40000 - 0x00007ff89bd63000 	C:\WINDOWS\System32\combase.dll
0x00007ff89aef0000 - 0x00007ff89af6a000 	C:\WINDOWS\System32\bcryptPrimitives.dll
0x00007ff89e220000 - 0x00007ff89e24d000 	C:\WINDOWS\System32\IMM32.DLL
0x0000000072e00000 - 0x0000000072ed2000 	C:\Program Files\Java\jdk1.8.0_121\jre\bin\msvcr100.dll
0x0000000071740000 - 0x0000000071fdb000 	C:\Program Files\Java\jdk1.8.0_121\jre\bin\server\jvm.dll
0x00007ff89e210000 - 0x00007ff89e218000 	C:\WINDOWS\System32\PSAPI.DLL
0x00007ff8772f0000 - 0x00007ff8772f9000 	C:\WINDOWS\SYSTEM32\WSOCK32.dll
0x00007ff8985a0000 - 0x00007ff8985c3000 	C:\WINDOWS\SYSTEM32\WINMM.dll
0x00007ff89d9c0000 - 0x00007ff89da2c000 	C:\WINDOWS\System32\WS2_32.dll
0x00007ff88e050000 - 0x00007ff88e05a000 	C:\WINDOWS\SYSTEM32\VERSION.dll
0x00007ff897fd0000 - 0x00007ff897ffa000 	C:\WINDOWS\SYSTEM32\WINMMBASE.dll
0x00007ff89b0f0000 - 0x00007ff89b139000 	C:\WINDOWS\System32\cfgmgr32.dll
0x0000000072df0000 - 0x0000000072dff000 	C:\Program Files\Java\jdk1.8.0_121\jre\bin\verify.dll
0x0000000072dc0000 - 0x0000000072de9000 	C:\Program Files\Java\jdk1.8.0_121\jre\bin\java.dll
0x0000000072da0000 - 0x0000000072db6000 	C:\Program Files\Java\jdk1.8.0_121\jre\bin\zip.dll
0x00007ff89c050000 - 0x00007ff89d490000 	C:\WINDOWS\System32\SHELL32.dll
0x00007ff89dbd0000 - 0x00007ff89dc79000 	C:\WINDOWS\System32\shcore.dll
0x00007ff89a7e0000 - 0x00007ff89aeed000 	C:\WINDOWS\System32\windows.storage.dll
0x00007ff89d570000 - 0x00007ff89d5c1000 	C:\WINDOWS\System32\shlwapi.dll
0x00007ff89a770000 - 0x00007ff89a781000 	C:\WINDOWS\System32\kernel.appcore.dll
0x00007ff89a7c0000 - 0x00007ff89a7df000 	C:\WINDOWS\System32\profapi.dll
0x00007ff89a720000 - 0x00007ff89a76c000 	C:\WINDOWS\System32\powrprof.dll
0x00007ff89a7b0000 - 0x00007ff89a7ba000 	C:\WINDOWS\System32\FLTLIB.DLL
0x0000000072d80000 - 0x0000000072d9a000 	C:\Program Files\Java\jdk1.8.0_121\jre\bin\net.dll
0x00007ff899f40000 - 0x00007ff899fa6000 	C:\WINDOWS\system32\mswsock.dll
0x0000000072d60000 - 0x0000000072d71000 	C:\Program Files\Java\jdk1.8.0_121\jre\bin\nio.dll

VM Arguments:
jvm_args: -Dmaven.home=C:\apache-maven-3.3.9 -Dclassworlds.conf=C:\WorkspaceExtremeMedia\.metadata\.plugins\org.eclipse.m2e.launching\launches\m2conf5297095199533182152.tmp -Dmaven.multiModuleProjectDirectory=C:\WorkspaceExtremeMedia\Web Container\BuildProcessTemplates\extreme-media-commons -Dfile.encoding=Cp1252 
java_command: org.codehaus.plexus.classworlds.launcher.Launcher -B -gs C:\Users\Usuario\.m2\settings.xml -s C:\Users\Usuario\.m2\settings.xml install
java_class_path (initial): C:\apache-maven-3.3.9\boot\plexus-classworlds-2.5.2.jar
Launcher Type: SUN_STANDARD

Environment Variables:
JAVA_HOME=C:\Program Files\Java\jdk1.8.0_121
PATH=C:/Program Files/Java/jre1.8.0_181/bin/server;C:/Program Files/Java/jre1.8.0_181/bin;C:/Program Files/Java/jre1.8.0_181/lib/amd64;C:\Program Files (x86)\Common Files\Oracle\Java\javapath;C:\ProgramData\Oracle\Java\javapath;C:\WINDOWS\system32;C:\WINDOWS;C:\WINDOWS\System32\Wbem;C:\WINDOWS\System32\WindowsPowerShell\v1.0\;C:\Program Files\ThinkPad\Bluetooth Software\;C:\Program Files\ThinkPad\Bluetooth Software\syswow64;C:\ProgramData\Lenovo\ReadyApps;C:\Program Files\Java\jdk1.8.0_121\bin;C:\Program Files\Microsoft SQL Server\120\DTS\Binn\;C:\Program Files\Microsoft SQL Server\Client SDK\ODBC\110\Tools\Binn\;C:\Program Files (x86)\Microsoft SQL Server\120\Tools\Binn\;C:\Program Files\Microsoft SQL Server\120\Tools\Binn\;C:\Program Files (x86)\Microsoft SQL Server\120\Tools\Binn\ManagementStudio\;C:\Program Files (x86)\Microsoft SQL Server\120\DTS\Binn\;C:\xampp\php;C:\ProgramData\ComposerSetup\bin;C:\Program Files (x86)\Skype\Phone\;C:\WINDOWS\system32\config\systemprofile\.dnx\bin;C:\Program Files\Microsoft DNX\Dnvm\;C:\Program Files\Microsoft SQL Server\130\Tools\Binn\;C:\Program Files\Git\cmd;C:\Program Files (x86)\nodejs\;C:\Program Files\dotnet\;C:\WINDOWS\System32\OpenSSH\;C:\PostgreSQL\pg95\bin;C:\Program Files (x86)\Brackets\command;C:\Users\Usuario\AppData\Local\Microsoft\WindowsApps;C:\Users\Usuario\AppData\Roaming\Composer\vendor\bin;C:\Users\Usuario\AppData\Local\Programs\Python\Python36;C:\Users\Usuario\AppData\Local\Programs\Python\Python36\Scripts;C:\Users\Usuario\AppData\Roaming\npm;;C:\Users\Usuario\Desktop;
USERNAME=Usuario
OS=Windows_NT
PROCESSOR_IDENTIFIER=Intel64 Family 6 Model 58 Stepping 9, GenuineIntel



---------------  S Y S T E M  ---------------

OS: Windows 10.0 , 64 bit Build 17134 (10.0.17134.1)

CPU:total 4 (2 cores per cpu, 2 threads per core) family 6 model 58 stepping 9, cmov, cx8, fxsr, mmx, sse, sse2, sse3, ssse3, sse4.1, sse4.2, popcnt, avx, aes, clmul, erms, ht, tsc, tscinvbit, tscinv

Memory: 4k page, physical 8212284k(2329132k free), swap 33378108k(6628k free)

vm_info: Java HotSpot(TM) 64-Bit Server VM (25.121-b13) for windows-amd64 JRE (1.8.0_121-b13), built on Dec 12 2016 18:21:36 by "java_re" with MS VC++ 10.0 (VS2010)

time: Thu Jul 26 21:10:25 2018
elapsed time: 2 seconds (0d 0h 0m 2s)

